{
  "/Users/florian/tractr/stack/libs/terraform/component/aws/src/index.ts": {
    "b": {},
    "branchMap": {},
    "f": {},
    "fnMap": {},
    "path": "/Users/florian/tractr/stack/libs/terraform/component/aws/src/index.ts",
    "s": {
      "0": 1,
      "1": 1,
      "2": 1
    },
    "statementMap": {
      "0": {
        "end": {
          "column": 36,
          "line": 1
        },
        "start": {
          "column": 0,
          "line": 1
        }
      },
      "1": {
        "end": {
          "column": 30,
          "line": 2
        },
        "start": {
          "column": 0,
          "line": 2
        }
      },
      "2": {
        "end": {
          "column": 33,
          "line": 3
        },
        "start": {
          "column": 0,
          "line": 3
        }
      }
    }
  },
  "/Users/florian/tractr/stack/libs/terraform/component/aws/src/lib/aws-component.ts": {
    "b": {
      "0": [0],
      "1": [0],
      "2": [0],
      "3": [0],
      "4": [3],
      "5": [16, 4],
      "6": [192, 92],
      "7": [34],
      "8": [31, 3],
      "9": [4],
      "10": [1, 3]
    },
    "branchMap": {
      "0": {
        "loc": {
          "end": {
            "column": null,
            "line": 59
          },
          "start": {
            "column": 4,
            "line": 57
          }
        },
        "locations": [
          {
            "end": {
              "column": null,
              "line": 59
            },
            "start": {
              "column": 4,
              "line": 57
            }
          }
        ],
        "type": "if"
      },
      "1": {
        "loc": {
          "end": {
            "column": 49,
            "line": 66
          },
          "start": {
            "column": 44,
            "line": 66
          }
        },
        "locations": [
          {
            "end": {
              "column": 49,
              "line": 66
            },
            "start": {
              "column": 48,
              "line": 66
            }
          }
        ],
        "type": "default-arg"
      },
      "2": {
        "loc": {
          "end": {
            "column": null,
            "line": 70
          },
          "start": {
            "column": 4,
            "line": 68
          }
        },
        "locations": [
          {
            "end": {
              "column": null,
              "line": 70
            },
            "start": {
              "column": 4,
              "line": 68
            }
          }
        ],
        "type": "if"
      },
      "3": {
        "loc": {
          "end": {
            "column": null,
            "line": 78
          },
          "start": {
            "column": 4,
            "line": 76
          }
        },
        "locations": [
          {
            "end": {
              "column": null,
              "line": 78
            },
            "start": {
              "column": 4,
              "line": 76
            }
          }
        ],
        "type": "if"
      },
      "4": {
        "loc": {
          "end": {
            "column": null,
            "line": 97
          },
          "start": {
            "column": 4,
            "line": 95
          }
        },
        "locations": [
          {
            "end": {
              "column": null,
              "line": 97
            },
            "start": {
              "column": 4,
              "line": 95
            }
          }
        ],
        "type": "if"
      },
      "5": {
        "loc": {
          "end": {
            "column": 71,
            "line": 101
          },
          "start": {
            "column": 44,
            "line": 101
          }
        },
        "locations": [
          {
            "end": {
              "column": 67,
              "line": 101
            },
            "start": {
              "column": 66,
              "line": 101
            }
          },
          {
            "end": {
              "column": 71,
              "line": 101
            },
            "start": {
              "column": 70,
              "line": 101
            }
          }
        ],
        "type": "cond-expr"
      },
      "6": {
        "loc": {
          "end": {
            "column": 41,
            "line": 110
          },
          "start": {
            "column": 28,
            "line": 110
          }
        },
        "locations": [
          {
            "end": {
              "column": 35,
              "line": 110
            },
            "start": {
              "column": 28,
              "line": 110
            }
          },
          {
            "end": {
              "column": 41,
              "line": 110
            },
            "start": {
              "column": 39,
              "line": 110
            }
          }
        ],
        "type": "binary-expr"
      },
      "7": {
        "loc": {
          "end": {
            "column": null,
            "line": 134
          },
          "start": {
            "column": 8,
            "line": 126
          }
        },
        "locations": [
          {
            "end": {
              "column": null,
              "line": 134
            },
            "start": {
              "column": 8,
              "line": 126
            }
          }
        ],
        "type": "if"
      },
      "8": {
        "loc": {
          "end": {
            "column": null,
            "line": 133
          },
          "start": {
            "column": 10,
            "line": 127
          }
        },
        "locations": [
          {
            "end": {
              "column": null,
              "line": 133
            },
            "start": {
              "column": 10,
              "line": 127
            }
          },
          {
            "end": {
              "column": null,
              "line": 133
            },
            "start": {
              "column": 17,
              "line": 130
            }
          }
        ],
        "type": "if"
      },
      "9": {
        "loc": {
          "end": {
            "column": null,
            "line": 140
          },
          "start": {
            "column": 6,
            "line": 138
          }
        },
        "locations": [
          {
            "end": {
              "column": null,
              "line": 140
            },
            "start": {
              "column": 6,
              "line": 138
            }
          }
        ],
        "type": "if"
      },
      "10": {
        "loc": {
          "end": {
            "column": 17,
            "line": 149
          },
          "start": {
            "column": 11,
            "line": 147
          }
        },
        "locations": [
          {
            "end": {
              "column": 37,
              "line": 148
            },
            "start": {
              "column": 8,
              "line": 148
            }
          },
          {
            "end": {
              "column": 17,
              "line": 149
            },
            "start": {
              "column": 8,
              "line": 149
            }
          }
        ],
        "type": "cond-expr"
      }
    },
    "f": {
      "0": 0,
      "1": 0,
      "2": 0,
      "3": 0,
      "4": 0,
      "5": 0,
      "6": 0,
      "7": 7,
      "8": 20,
      "9": 24,
      "10": 24
    },
    "fnMap": {
      "0": {
        "decl": {
          "end": {
            "column": 14,
            "line": 21
          },
          "start": {
            "column": 2,
            "line": 21
          }
        },
        "loc": {
          "end": {
            "column": 3,
            "line": 29
          },
          "start": {
            "column": 69,
            "line": 21
          }
        },
        "name": "(anonymous_0)"
      },
      "1": {
        "decl": {
          "end": {
            "column": 26,
            "line": 41
          },
          "start": {
            "column": 12,
            "line": 41
          }
        },
        "loc": {
          "end": {
            "column": 3,
            "line": 43
          },
          "start": {
            "column": 26,
            "line": 41
          }
        },
        "name": "(anonymous_1)"
      },
      "2": {
        "decl": {
          "end": {
            "column": 6,
            "line": 48
          },
          "start": {
            "column": 2,
            "line": 48
          }
        },
        "loc": {
          "end": {
            "column": 3,
            "line": 50
          },
          "start": {
            "column": 36,
            "line": 48
          }
        },
        "name": "(anonymous_2)"
      },
      "3": {
        "decl": {
          "end": {
            "column": 6,
            "line": 56
          },
          "start": {
            "column": 2,
            "line": 56
          }
        },
        "loc": {
          "end": {
            "column": 3,
            "line": 61
          },
          "start": {
            "column": 15,
            "line": 56
          }
        },
        "name": "(anonymous_3)"
      },
      "4": {
        "decl": {
          "end": {
            "column": 11,
            "line": 66
          },
          "start": {
            "column": 2,
            "line": 66
          }
        },
        "loc": {
          "end": {
            "column": 3,
            "line": 72
          },
          "start": {
            "column": 49,
            "line": 66
          }
        },
        "name": "(anonymous_4)"
      },
      "5": {
        "decl": {
          "end": {
            "column": 27,
            "line": 74
          },
          "start": {
            "column": 12,
            "line": 74
          }
        },
        "loc": {
          "end": {
            "column": 3,
            "line": 80
          },
          "start": {
            "column": 64,
            "line": 74
          }
        },
        "name": "(anonymous_5)"
      },
      "6": {
        "decl": {
          "end": {
            "column": 32,
            "line": 82
          },
          "start": {
            "column": 12,
            "line": 82
          }
        },
        "loc": {
          "end": {
            "column": 3,
            "line": 87
          },
          "start": {
            "column": 22,
            "line": 84
          }
        },
        "name": "(anonymous_6)"
      },
      "7": {
        "decl": {
          "end": {
            "column": 8,
            "line": 92
          },
          "start": {
            "column": 2,
            "line": 92
          }
        },
        "loc": {
          "end": {
            "column": 3,
            "line": 150
          },
          "start": {
            "column": 68,
            "line": 92
          }
        },
        "name": "(anonymous_7)"
      },
      "8": {
        "decl": {
          "end": {
            "column": 34,
            "line": 101
          },
          "start": {
            "column": 33,
            "line": 101
          }
        },
        "loc": {
          "end": {
            "column": 71,
            "line": 101
          },
          "start": {
            "column": 44,
            "line": 101
          }
        },
        "name": "(anonymous_8)"
      },
      "9": {
        "decl": {
          "end": {
            "column": 38,
            "line": 115
          },
          "start": {
            "column": 37,
            "line": 115
          }
        },
        "loc": {
          "end": {
            "column": 69,
            "line": 115
          },
          "start": {
            "column": 52,
            "line": 115
          }
        },
        "name": "(anonymous_9)"
      },
      "10": {
        "decl": {
          "end": {
            "column": 46,
            "line": 117
          },
          "start": {
            "column": 43,
            "line": 117
          }
        },
        "loc": {
          "end": {
            "column": 51,
            "line": 117
          },
          "start": {
            "column": 49,
            "line": 117
          }
        },
        "name": "(anonymous_10)"
      }
    },
    "path": "/Users/florian/tractr/stack/libs/terraform/component/aws/src/lib/aws-component.ts",
    "s": {
      "0": 1,
      "1": 1,
      "2": 0,
      "3": 0,
      "4": 0,
      "5": 0,
      "6": 0,
      "7": 0,
      "8": 0,
      "9": 0,
      "10": 0,
      "11": 0,
      "12": 0,
      "13": 0,
      "14": 0,
      "15": 0,
      "16": 0,
      "17": 0,
      "18": 0,
      "19": 0,
      "20": 0,
      "21": 0,
      "22": 7,
      "23": 7,
      "24": 3,
      "25": 4,
      "26": 4,
      "27": 20,
      "28": 4,
      "29": 4,
      "30": 4,
      "31": 4,
      "32": 32,
      "33": 32,
      "34": 32,
      "35": 192,
      "36": 192,
      "37": 4,
      "38": 24,
      "39": 4,
      "40": 4,
      "41": 24,
      "42": 4,
      "43": 4,
      "44": 4,
      "45": 10,
      "46": 10,
      "47": 10,
      "48": 47,
      "49": 47,
      "50": 34,
      "51": 31,
      "52": 31,
      "53": 3,
      "54": 10,
      "55": 4,
      "56": 4,
      "57": 4,
      "58": 1
    },
    "statementMap": {
      "0": {
        "end": {
          "column": 29,
          "line": 2
        },
        "start": {
          "column": 0,
          "line": 2
        }
      },
      "1": {
        "end": {
          "column": 39,
          "line": 3
        },
        "start": {
          "column": 0,
          "line": 3
        }
      },
      "2": {
        "end": {
          "column": 21,
          "line": 22
        },
        "start": {
          "column": 4,
          "line": 22
        }
      },
      "3": {
        "end": {
          "column": 17,
          "line": 23
        },
        "start": {
          "column": 4,
          "line": 23
        }
      },
      "4": {
        "end": {
          "column": 25,
          "line": 24
        },
        "start": {
          "column": 4,
          "line": 24
        }
      },
      "5": {
        "end": {
          "column": 52,
          "line": 25
        },
        "start": {
          "column": 4,
          "line": 25
        }
      },
      "6": {
        "end": {
          "column": 35,
          "line": 26
        },
        "start": {
          "column": 4,
          "line": 26
        }
      },
      "7": {
        "end": {
          "column": 26,
          "line": 27
        },
        "start": {
          "column": 4,
          "line": 27
        }
      },
      "8": {
        "end": {
          "column": 28,
          "line": 28
        },
        "start": {
          "column": 4,
          "line": 28
        }
      },
      "9": {
        "end": {
          "column": 36,
          "line": 49
        },
        "start": {
          "column": 4,
          "line": 49
        }
      },
      "10": {
        "end": {
          "column": null,
          "line": 59
        },
        "start": {
          "column": 4,
          "line": 57
        }
      },
      "11": {
        "end": {
          "column": 68,
          "line": 58
        },
        "start": {
          "column": 6,
          "line": 58
        }
      },
      "12": {
        "end": {
          "column": 31,
          "line": 60
        },
        "start": {
          "column": 4,
          "line": 60
        }
      },
      "13": {
        "end": {
          "column": 36,
          "line": 67
        },
        "start": {
          "column": 20,
          "line": 67
        }
      },
      "14": {
        "end": {
          "column": null,
          "line": 70
        },
        "start": {
          "column": 4,
          "line": 68
        }
      },
      "15": {
        "end": {
          "column": 23,
          "line": 69
        },
        "start": {
          "column": 6,
          "line": 69
        }
      },
      "16": {
        "end": {
          "column": 44,
          "line": 71
        },
        "start": {
          "column": 4,
          "line": 71
        }
      },
      "17": {
        "end": {
          "column": 57,
          "line": 75
        },
        "start": {
          "column": 17,
          "line": 75
        }
      },
      "18": {
        "end": {
          "column": null,
          "line": 78
        },
        "start": {
          "column": 4,
          "line": 76
        }
      },
      "19": {
        "end": {
          "column": 57,
          "line": 77
        },
        "start": {
          "column": 6,
          "line": 77
        }
      },
      "20": {
        "end": {
          "column": 16,
          "line": 79
        },
        "start": {
          "column": 4,
          "line": 79
        }
      },
      "21": {
        "end": {
          "column": 63,
          "line": 86
        },
        "start": {
          "column": 4,
          "line": 86
        }
      },
      "22": {
        "end": {
          "column": 44,
          "line": 94
        },
        "start": {
          "column": 21,
          "line": 94
        }
      },
      "23": {
        "end": {
          "column": null,
          "line": 97
        },
        "start": {
          "column": 4,
          "line": 95
        }
      },
      "24": {
        "end": {
          "column": 18,
          "line": 96
        },
        "start": {
          "column": 6,
          "line": 96
        }
      },
      "25": {
        "end": {
          "column": 39,
          "line": 100
        },
        "start": {
          "column": 18,
          "line": 100
        }
      },
      "26": {
        "end": {
          "column": 73,
          "line": 101
        },
        "start": {
          "column": 20,
          "line": 101
        }
      },
      "27": {
        "end": {
          "column": 71,
          "line": 101
        },
        "start": {
          "column": 44,
          "line": 101
        }
      },
      "28": {
        "end": {
          "column": 40,
          "line": 102
        },
        "start": {
          "column": 26,
          "line": 102
        }
      },
      "29": {
        "end": {
          "column": 38,
          "line": 105
        },
        "start": {
          "column": 36,
          "line": 105
        }
      },
      "30": {
        "end": {
          "column": null,
          "line": 112
        },
        "start": {
          "column": 4,
          "line": 106
        }
      },
      "31": {
        "end": {
          "column": 18,
          "line": 106
        },
        "start": {
          "column": 17,
          "line": 106
        }
      },
      "32": {
        "end": {
          "column": 26,
          "line": 107
        },
        "start": {
          "column": 6,
          "line": 107
        }
      },
      "33": {
        "end": {
          "column": null,
          "line": 111
        },
        "start": {
          "column": 6,
          "line": 108
        }
      },
      "34": {
        "end": {
          "column": 20,
          "line": 108
        },
        "start": {
          "column": 19,
          "line": 108
        }
      },
      "35": {
        "end": {
          "column": 29,
          "line": 109
        },
        "start": {
          "column": 21,
          "line": 109
        }
      },
      "36": {
        "end": {
          "column": 43,
          "line": 110
        },
        "start": {
          "column": 8,
          "line": 110
        }
      },
      "37": {
        "end": {
          "column": 73,
          "line": 115
        },
        "start": {
          "column": 24,
          "line": 115
        }
      },
      "38": {
        "end": {
          "column": 69,
          "line": 115
        },
        "start": {
          "column": 52,
          "line": 115
        }
      },
      "39": {
        "end": {
          "column": 51,
          "line": 116
        },
        "start": {
          "column": 29,
          "line": 116
        }
      },
      "40": {
        "end": {
          "column": 52,
          "line": 117
        },
        "start": {
          "column": 33,
          "line": 117
        }
      },
      "41": {
        "end": {
          "column": 51,
          "line": 117
        },
        "start": {
          "column": 49,
          "line": 117
        }
      },
      "42": {
        "end": {
          "column": 25,
          "line": 120
        },
        "start": {
          "column": 24,
          "line": 120
        }
      },
      "43": {
        "end": {
          "column": null,
          "line": 141
        },
        "start": {
          "column": 4,
          "line": 121
        }
      },
      "44": {
        "end": {
          "column": 18,
          "line": 121
        },
        "start": {
          "column": 17,
          "line": 121
        }
      },
      "45": {
        "end": {
          "column": 34,
          "line": 122
        },
        "start": {
          "column": 20,
          "line": 122
        }
      },
      "46": {
        "end": {
          "column": null,
          "line": 135
        },
        "start": {
          "column": 6,
          "line": 124
        }
      },
      "47": {
        "end": {
          "column": 20,
          "line": 124
        },
        "start": {
          "column": 19,
          "line": 124
        }
      },
      "48": {
        "end": {
          "column": 29,
          "line": 125
        },
        "start": {
          "column": 21,
          "line": 125
        }
      },
      "49": {
        "end": {
          "column": null,
          "line": 134
        },
        "start": {
          "column": 8,
          "line": 126
        }
      },
      "50": {
        "end": {
          "column": null,
          "line": 133
        },
        "start": {
          "column": 10,
          "line": 127
        }
      },
      "51": {
        "end": {
          "column": 34,
          "line": 128
        },
        "start": {
          "column": 12,
          "line": 128
        }
      },
      "52": {
        "end": {
          "column": 31,
          "line": 129
        },
        "start": {
          "column": 12,
          "line": 129
        }
      },
      "53": {
        "end": {
          "column": 18,
          "line": 132
        },
        "start": {
          "column": 12,
          "line": 132
        }
      },
      "54": {
        "end": {
          "column": null,
          "line": 140
        },
        "start": {
          "column": 6,
          "line": 138
        }
      },
      "55": {
        "end": {
          "column": 14,
          "line": 139
        },
        "start": {
          "column": 8,
          "line": 139
        }
      },
      "56": {
        "end": {
          "column": 48,
          "line": 144
        },
        "start": {
          "column": 22,
          "line": 144
        }
      },
      "57": {
        "end": {
          "column": 18,
          "line": 149
        },
        "start": {
          "column": 4,
          "line": 147
        }
      },
      "58": {
        "end": {
          "column": 22,
          "line": 7
        },
        "start": {
          "column": 0,
          "line": 7
        }
      }
    }
  },
  "/Users/florian/tractr/stack/libs/terraform/component/aws/src/lib/helpers/config.helper.ts": {
    "b": {},
    "branchMap": {},
    "f": {
      "0": 0
    },
    "fnMap": {
      "0": {
        "decl": {
          "end": {
            "column": 35,
            "line": 4
          },
          "start": {
            "column": 16,
            "line": 4
          }
        },
        "loc": {
          "end": {
            "column": 1,
            "line": 8
          },
          "start": {
            "column": 69,
            "line": 4
          }
        },
        "name": "mergeConfigurations"
      }
    },
    "path": "/Users/florian/tractr/stack/libs/terraform/component/aws/src/lib/helpers/config.helper.ts",
    "s": {
      "0": 1,
      "1": 1,
      "2": 0,
      "3": 1
    },
    "statementMap": {
      "0": {
        "end": {
          "column": 39,
          "line": 1
        },
        "start": {
          "column": 0,
          "line": 1
        }
      },
      "1": {
        "end": {
          "column": 48,
          "line": 2
        },
        "start": {
          "column": 0,
          "line": 2
        }
      },
      "2": {
        "end": {
          "column": 14,
          "line": 7
        },
        "start": {
          "column": 2,
          "line": 5
        }
      },
      "3": {
        "end": {
          "column": 16,
          "line": 4
        },
        "start": {
          "column": 0,
          "line": 4
        }
      }
    }
  },
  "/Users/florian/tractr/stack/libs/terraform/component/aws/src/lib/helpers/index.ts": {
    "b": {},
    "branchMap": {},
    "f": {},
    "fnMap": {},
    "path": "/Users/florian/tractr/stack/libs/terraform/component/aws/src/lib/helpers/index.ts",
    "s": {
      "0": 1
    },
    "statementMap": {
      "0": {
        "end": {
          "column": 32,
          "line": 1
        },
        "start": {
          "column": 0,
          "line": 1
        }
      }
    }
  },
  "/Users/florian/tractr/stack/libs/terraform/component/aws/src/lib/interfaces/index.ts": {
    "b": {},
    "branchMap": {},
    "f": {},
    "fnMap": {},
    "path": "/Users/florian/tractr/stack/libs/terraform/component/aws/src/lib/interfaces/index.ts",
    "s": {
      "0": 1
    },
    "statementMap": {
      "0": {
        "end": {
          "column": 42,
          "line": 1
        },
        "start": {
          "column": 0,
          "line": 1
        }
      }
    }
  }
}
